<?xml version="1.0" encoding="UTF-8"?>
<!-- Generated by org.testng.reporters.JUnitReportReporter -->
<testsuite hostname="uthayan" failures="0" tests="3" name="com.ecommerce.tests.ProductFlowTest" time="119.420" errors="0" timestamp="2026-04-07T12:52:43 IST" skipped="0">
  <testcase classname="com.ecommerce.tests.ProductFlowTest" name="testCompletePurchase" time="45.810"/>
  <testcase classname="com.ecommerce.tests.ProductFlowTest" name="testSearchAndFilter" time="38.770"/>
  <testcase classname="com.ecommerce.tests.ProductFlowTest" name="testAddToCart" time="34.840"/>
</testsuite> <!-- com.ecommerce.tests.ProductFlowTest -->
