<?xml version="1.0" encoding="UTF-8"?>
<!-- Generated by org.testng.reporters.JUnitReportReporter -->
<testsuite hostname="uthayan" failures="0" tests="2" name="com.ecommerce.tests.LoginTest" time="52.750" errors="0" timestamp="2026-04-07T12:52:43 IST" skipped="0">
  <testcase classname="com.ecommerce.tests.LoginTest" name="testValidLogin" time="27.880"/>
  <testcase classname="com.ecommerce.tests.LoginTest" name="testInvalidLogin" time="24.870"/>
</testsuite> <!-- com.ecommerce.tests.LoginTest -->
