<?xml version="1.0" encoding="UTF-8"?>
<!-- Generated by org.testng.reporters.JUnitXMLReporter -->
<testsuite ignored="0" hostname="uthayan" failures="0" tests="5" name="All Tests" time="172.461" errors="0" timestamp="2026-04-07T12:52:41 IST">
  <testcase classname="com.ecommerce.tests.LoginTest" name="testInvalidLogin" time="8.555"/>
  <testcase classname="com.ecommerce.tests.LoginTest" name="testValidLogin" time="9.085"/>
  <testcase classname="com.ecommerce.tests.ProductFlowTest" name="testAddToCart" time="20.362"/>
  <testcase classname="com.ecommerce.tests.ProductFlowTest" name="testCompletePurchase" time="32.36"/>
  <testcase classname="com.ecommerce.tests.ProductFlowTest" name="testSearchAndFilter" time="18.824"/>
</testsuite> <!-- All Tests -->
