<?xml version="1.0" encoding="UTF-8"?>
<!-- Generated by org.testng.reporters.JUnitXMLReporter -->
<testsuite ignored="0" hostname="uthayan" failures="0" tests="0" name="Chrome Tests" time="38.392" errors="0" timestamp="2026-04-07T11:31:20 IST">
  <testcase classname="com.ecommerce.base.BaseTest" name="@BeforeClass setup" time="32.486">
    <failure type="org.openqa.selenium.SessionNotCreatedException" message="Could not start a new session. Response code 500. Message: Expected browser binary location, but unable to find binary in default location, no &amp;apos;moz:firefoxOptions.binary&amp;apos; capability provided, and no binary flag set on the command line 
Host info: host: &amp;apos;UTHAYAN&amp;apos;, ip: &amp;apos;10.248.181.196&amp;apos;
Build info: version: &amp;apos;4.15.0&amp;apos;, revision: &amp;apos;1d14b5521b&amp;apos;
System info: os.name: &amp;apos;Windows 11&amp;apos;, os.arch: &amp;apos;amd64&amp;apos;, os.version: &amp;apos;10.0&amp;apos;, java.version: &amp;apos;21.0.10&amp;apos;
Driver info: org.openqa.selenium.firefox.FirefoxDriver
Command: [null, newSession {capabilities=[Capabilities {acceptInsecureCerts: true, browserName: firefox, moz:debuggerAddress: true, moz:firefoxOptions: {}}]}]">
      <![CDATA[org.openqa.selenium.SessionNotCreatedException: Could not start a new session. Response code 500. Message: Expected browser binary location, but unable to find binary in default location, no 'moz:firefoxOptions.binary' capability provided, and no binary flag set on the command line 
Host info: host: 'UTHAYAN', ip: '10.248.181.196'
Build info: version: '4.15.0', revision: '1d14b5521b'
System info: os.name: 'Windows 11', os.arch: 'amd64', os.version: '10.0', java.version: '21.0.10'
Driver info: org.openqa.selenium.firefox.FirefoxDriver
Command: [null, newSession {capabilities=[Capabilities {acceptInsecureCerts: true, browserName: firefox, moz:debuggerAddress: true, moz:firefoxOptions: {}}]}]
at org.openqa.selenium.remote.ProtocolHandshake.createSession(ProtocolHandshake.java:140)
at org.openqa.selenium.remote.ProtocolHandshake.createSession(ProtocolHandshake.java:96)
at org.openqa.selenium.remote.ProtocolHandshake.createSession(ProtocolHandshake.java:68)
at org.openqa.selenium.remote.HttpCommandExecutor.execute(HttpCommandExecutor.java:163)
at org.openqa.selenium.remote.service.DriverCommandExecutor.invokeExecute(DriverCommandExecutor.java:200)
at org.openqa.selenium.remote.service.DriverCommandExecutor.execute(DriverCommandExecutor.java:175)
at org.openqa.selenium.remote.RemoteWebDriver.execute(RemoteWebDriver.java:607)
at org.openqa.selenium.remote.RemoteWebDriver.startSession(RemoteWebDriver.java:241)
at org.openqa.selenium.remote.RemoteWebDriver.<init>(RemoteWebDriver.java:168)
at org.openqa.selenium.firefox.FirefoxDriver.<init>(FirefoxDriver.java:157)
at org.openqa.selenium.firefox.FirefoxDriver.<init>(FirefoxDriver.java:152)
at org.openqa.selenium.firefox.FirefoxDriver.<init>(FirefoxDriver.java:133)
at org.openqa.selenium.firefox.FirefoxDriver.<init>(FirefoxDriver.java:128)
at org.openqa.selenium.firefox.FirefoxDriver.<init>(FirefoxDriver.java:113)
at org.openqa.selenium.firefox.FirefoxDriver.<init>(FirefoxDriver.java:103)
at com.ecommerce.base.BaseTest.setup(BaseTest.java:30)
at java.base/java.util.ArrayList.forEach(ArrayList.java:1596)
at java.base/java.util.concurrent.FutureTask.run(FutureTask.java:317)
at java.base/java.util.concurrent.ThreadPoolExecutor.runWorker(ThreadPoolExecutor.java:1144)
at java.base/java.util.concurrent.ThreadPoolExecutor$Worker.run(ThreadPoolExecutor.java:642)
at java.base/java.lang.Thread.run(Thread.java:1583)
... Removed 13 stack frames]]>
    </failure>
  </testcase> <!-- @BeforeClass setup -->
</testsuite> <!-- Chrome Tests -->
