<?xml version="1.0" encoding="UTF-8"?>
<!-- Generated by org.testng.reporters.JUnitXMLReporter -->
<testsuite ignored="0" hostname="uthayan" failures="2" tests="2" name="Login Tests" time="33.671" errors="0" timestamp="2026-04-07T12:28:26 IST">
  <testcase classname="com.ecommerce.tests.LoginTest" name="testInvalidLogin" time="0.517">
    <failure type="java.lang.Error" message="Unresolved compilation problem: 
	The method sendChars(String) is undefined for the type WebElement
">
      <![CDATA[java.lang.Error: Unresolved compilation problem: 
The method sendChars(String) is undefined for the type WebElement

at com.ecommerce.pages.LoginPage.enterUsername(LoginPage.java:46)
at com.ecommerce.pages.LoginPage.login(LoginPage.java:89)
at com.ecommerce.tests.LoginTest.testInvalidLogin(LoginTest.java:36)
at java.base/java.util.ArrayList.forEach(ArrayList.java:1596)
... Removed 25 stack frames]]>
    </failure>
  </testcase> <!-- testInvalidLogin -->
  <testcase classname="com.ecommerce.tests.LoginTest" name="testValidLogin" time="0.165">
    <failure type="java.lang.Error" message="Unresolved compilation problem: 
	The method sendChars(String) is undefined for the type WebElement
">
      <![CDATA[java.lang.Error: Unresolved compilation problem: 
The method sendChars(String) is undefined for the type WebElement

at com.ecommerce.pages.LoginPage.enterUsername(LoginPage.java:46)
at com.ecommerce.pages.LoginPage.login(LoginPage.java:89)
at com.ecommerce.tests.LoginTest.testValidLogin(LoginTest.java:18)
at java.base/java.util.ArrayList.forEach(ArrayList.java:1596)
... Removed 25 stack frames]]>
    </failure>
  </testcase> <!-- testValidLogin -->
</testsuite> <!-- Login Tests -->
