<?xml version="1.0" encoding="UTF-8"?>
<!-- Generated by org.testng.reporters.JUnitXMLReporter -->
<testsuite ignored="0" hostname="uthayan" failures="2" tests="2" name="Product Flow Tests" time="44.829" errors="0" timestamp="2026-04-07T12:29:11 IST">
  <testcase classname="com.ecommerce.tests.ProductFlowTest" name="testAddToCart" time="0.391">
    <failure type="java.lang.Error" message="Unresolved compilation problem: 
	The method sendChars(String) is undefined for the type WebElement
">
      <![CDATA[java.lang.Error: Unresolved compilation problem: 
The method sendChars(String) is undefined for the type WebElement

at com.ecommerce.pages.LoginPage.enterUsername(LoginPage.java:46)
at com.ecommerce.pages.LoginPage.login(LoginPage.java:89)
at com.ecommerce.tests.ProductFlowTest.testAddToCart(ProductFlowTest.java:36)
at java.base/java.util.ArrayList.forEach(ArrayList.java:1596)
... Removed 25 stack frames]]>
    </failure>
  </testcase> <!-- testAddToCart -->
  <testcase classname="com.ecommerce.tests.ProductFlowTest" name="testSearchAndFilter" time="0.155">
    <failure type="java.lang.Error" message="Unresolved compilation problem: 
	The method sendChars(String) is undefined for the type WebElement
">
      <![CDATA[java.lang.Error: Unresolved compilation problem: 
The method sendChars(String) is undefined for the type WebElement

at com.ecommerce.pages.LoginPage.enterUsername(LoginPage.java:46)
at com.ecommerce.pages.LoginPage.login(LoginPage.java:89)
at com.ecommerce.tests.ProductFlowTest.testSearchAndFilter(ProductFlowTest.java:17)
at java.base/java.util.ArrayList.forEach(ArrayList.java:1596)
... Removed 25 stack frames]]>
    </failure>
  </testcase> <!-- testSearchAndFilter -->
</testsuite> <!-- Product Flow Tests -->
