<?xml version="1.0" encoding="UTF-8"?>
<!-- Generated by org.testng.reporters.JUnitXMLReporter -->
<testsuite ignored="0" hostname="uthayan" failures="1" tests="2" name="Chrome Test 2" time="78.088" errors="0" timestamp="2026-04-07T11:53:41 IST">
  <testcase classname="com.ecommerce.tests.ProductFlowTest" name="testCompletePurchaseFlow" time="0.0">
    <failure type="java.lang.RuntimeException" message="java.lang.NullPointerException: Cannot invoke &amp;quot;org.apache.poi.ss.usermodel.Sheet.getLastRowNum()&amp;quot; because &amp;quot;sheet&amp;quot; is null">
      <![CDATA[java.lang.RuntimeException: java.lang.NullPointerException: Cannot invoke "org.apache.poi.ss.usermodel.Sheet.getLastRowNum()" because "sheet" is null
at java.base/java.util.ArrayList.forEach(ArrayList.java:1596)
at java.base/java.util.concurrent.FutureTask.run(FutureTask.java:317)
at java.base/java.util.concurrent.ThreadPoolExecutor.runWorker(ThreadPoolExecutor.java:1144)
at java.base/java.util.concurrent.ThreadPoolExecutor$Worker.run(ThreadPoolExecutor.java:642)
at java.base/java.lang.Thread.run(Thread.java:1583)
Caused by: java.lang.NullPointerException: Cannot invoke "org.apache.poi.ss.usermodel.Sheet.getLastRowNum()" because "sheet" is null
at com.ecommerce.utils.ExcelUtils.getTestData(ExcelUtils.java:17)
at com.ecommerce.tests.ProductFlowTest.getProductData(ProductFlowTest.java:16)
... 19 more
... Removed 20 stack frames]]>
    </failure>
  </testcase> <!-- testCompletePurchaseFlow -->
  <testcase classname="com.ecommerce.tests.ProductFlowTest" name="testSearchAndFilter" time="6.108"/>
</testsuite> <!-- Chrome Test 2 -->
