<?xml version="1.0" encoding="UTF-8"?>
<!-- Generated by org.testng.reporters.JUnitXMLReporter -->
<testsuite ignored="1" hostname="uthayan" failures="0" tests="1" name="Default test" time="15.444" errors="0" timestamp="2026-04-07T11:40:00 IST">
  <testcase classname="com.ecommerce.tests.ProductFlowTest" name="testSearchAndFilter" time="3.853"/>
  <testcase classname="com.ecommerce.tests.ProductFlowTest" name="testCompletePurchaseFlow" time="0.0">
    <ignored/>
  </testcase> <!-- testCompletePurchaseFlow -->
</testsuite> <!-- Default test -->
